<?xml version="1.0" encoding="UTF-8"?>
<!-- Generated by org.testng.reporters.JUnitReportReporter -->
<testsuite hostname="DESKTOP-37N23S7" failures="0" tests="1" name="My_Test_Class" time="1.122" errors="0" timestamp="2023-10-24T00:18:38 EET" skipped="0">
  <testcase classname="My_Test_Class" name="myTest" time="1.122"/>
  <system-out/>
</testsuite> <!-- My_Test_Class -->
